*** Starting uWSGI 2.0.24 (64bit) on [Thu Apr  4 12:38:55 2024] ***
compiled with version: 11.4.0 on 02 April 2024 19:33:37
os: Linux-5.15.0-101-generic #111-Ubuntu SMP Tue Mar 5 20:16:58 UTC 2024
nodename: nodelow
machine: x86_64
clock source: unix
pcre jit enabled
detected number of CPU cores: 3
current working directory: /home/dinamitrii/python-check-weather
detected binary path: /home/dinamitrii/python-check-weather/.venv/bin/uwsgi
chdir() to /home/dinamitrii/python-check-weather/
your processes number limit is 22974
your memory page size is 4096 bytes
detected max file descriptor number: 1024
lock engine: pthread robust mutexes
thunder lock: enabled
bind(): No such file or directory [core/socket.c line 230]
*** Starting uWSGI 2.0.24 (64bit) on [Thu Apr  4 12:41:53 2024] ***
compiled with version: 11.4.0 on 04 April 2024 12:41:03
os: Linux-5.15.0-101-generic #111-Ubuntu SMP Tue Mar 5 20:16:58 UTC 2024
nodename: nodelow
machine: x86_64
clock source: unix
pcre jit enabled
detected number of CPU cores: 3
current working directory: /home/dinamitrii/python-check-weather
detected binary path: /home/dinamitrii/python-check-weather/.venv/bin/uwsgi
chdir() to /home/dinamitrii/python-check-weather/
your processes number limit is 22974
your memory page size is 4096 bytes
detected max file descriptor number: 1024
lock engine: pthread robust mutexes
thunder lock: enabled
bind(): No such file or directory [core/socket.c line 230]
*** Starting uWSGI 2.0.24 (64bit) on [Thu Apr  4 12:42:38 2024] ***
compiled with version: 11.4.0 on 04 April 2024 12:41:03
os: Linux-5.15.0-101-generic #111-Ubuntu SMP Tue Mar 5 20:16:58 UTC 2024
nodename: nodelow
machine: x86_64
clock source: unix
pcre jit enabled
detected number of CPU cores: 3
current working directory: /home/dinamitrii/python-check-weather
detected binary path: /home/dinamitrii/python-check-weather/.venv/bin/uwsgi
chdir() to /home/dinamitrii/python-check-weather/
your processes number limit is 22974
your memory page size is 4096 bytes
detected max file descriptor number: 1024
lock engine: pthread robust mutexes
thunder lock: enabled
bind(): No such file or directory [core/socket.c line 230]
*** Starting uWSGI 2.0.24 (64bit) on [Thu Apr  4 12:42:50 2024] ***
compiled with version: 11.4.0 on 04 April 2024 12:41:03
os: Linux-5.15.0-101-generic #111-Ubuntu SMP Tue Mar 5 20:16:58 UTC 2024
nodename: nodelow
machine: x86_64
clock source: unix
pcre jit enabled
detected number of CPU cores: 3
current working directory: /home/dinamitrii/python-check-weather
detected binary path: /home/dinamitrii/python-check-weather/.venv/bin/uwsgi
chdir() to /home/dinamitrii/python-check-weather/
your processes number limit is 22974
your memory page size is 4096 bytes
detected max file descriptor number: 1024
lock engine: pthread robust mutexes
thunder lock: enabled
bind(): No such file or directory [core/socket.c line 230]
*** Starting uWSGI 2.0.24 (64bit) on [Thu Apr  4 12:43:19 2024] ***
compiled with version: 11.4.0 on 04 April 2024 12:41:03
os: Linux-5.15.0-101-generic #111-Ubuntu SMP Tue Mar 5 20:16:58 UTC 2024
nodename: nodelow
machine: x86_64
clock source: unix
pcre jit enabled
detected number of CPU cores: 3
current working directory: /home/dinamitrii/python-check-weather
detected binary path: /home/dinamitrii/python-check-weather/.venv/bin/uwsgi
chdir() to /home/dinamitrii/python-check-weather/
your processes number limit is 22974
your memory page size is 4096 bytes
detected max file descriptor number: 1024
lock engine: pthread robust mutexes
thunder lock: enabled
bind(): No such file or directory [core/socket.c line 230]
*** Starting uWSGI 2.0.24 (64bit) on [Thu Apr  4 12:46:23 2024] ***
compiled with version: 11.4.0 on 04 April 2024 12:41:03
os: Linux-5.15.0-101-generic #111-Ubuntu SMP Tue Mar 5 20:16:58 UTC 2024
nodename: nodelow
machine: x86_64
clock source: unix
pcre jit enabled
detected number of CPU cores: 3
current working directory: /home/dinamitrii/python-check-weather
detected binary path: /home/dinamitrii/python-check-weather/.venv/bin/uwsgi
chdir() to /home/dinamitrii/python-check-weather/
your processes number limit is 22974
your memory page size is 4096 bytes
detected max file descriptor number: 1024
lock engine: pthread robust mutexes
thunder lock: enabled
bind(): Permission denied [core/socket.c line 230]
*** Starting uWSGI 2.0.24 (64bit) on [Thu Apr  4 12:47:25 2024] ***
compiled with version: 11.4.0 on 04 April 2024 12:41:03
os: Linux-5.15.0-101-generic #111-Ubuntu SMP Tue Mar 5 20:16:58 UTC 2024
nodename: nodelow
machine: x86_64
clock source: unix
pcre jit enabled
detected number of CPU cores: 3
current working directory: /home/dinamitrii/python-check-weather
detected binary path: /home/dinamitrii/python-check-weather/.venv/bin/uwsgi
chdir() to /home/dinamitrii/python-check-weather/
your processes number limit is 22974
your memory page size is 4096 bytes
detected max file descriptor number: 1024
lock engine: pthread robust mutexes
thunder lock: enabled
uwsgi socket 0 bound to UNIX address /var/www/weather/weather.sock fd 3
Python version: 3.10.12 (main, Nov 20 2023, 15:14:05) [GCC 11.4.0]
Python main interpreter initialized at 0x562667f26370
python threads support enabled
your server socket listen backlog is limited to 100 connections
your mercy for graceful operations on workers is 60 seconds
mapped 583408 bytes (569 KB) for 12 cores
*** Operational MODE: preforking+threaded ***
WSGI app 0 (mountpoint='') ready in 1 seconds on interpreter 0x562667f26370 pid: 2037 (default app)
*** uWSGI is running in multiple interpreter mode ***
spawned uWSGI master process (pid: 2037)
spawned uWSGI worker 1 (pid: 2038, cores: 2)
spawned uWSGI worker 2 (pid: 2039, cores: 2)
spawned uWSGI worker 3 (pid: 2040, cores: 2)
spawned uWSGI worker 4 (pid: 2042, cores: 2)
spawned uWSGI worker 5 (pid: 2044, cores: 2)
spawned uWSGI worker 6 (pid: 2046, cores: 2)
SIGINT/SIGTERM received...killing workers...
[deadlock-detector] a process holding a robust mutex died. recovering...
[deadlock-detector] a process holding a robust mutex died. recovering...
worker 1 buried after 1 seconds
worker 2 buried after 1 seconds
worker 3 buried after 1 seconds
worker 4 buried after 1 seconds
worker 5 buried after 1 seconds
worker 6 buried after 1 seconds
goodbye to uWSGI.
VACUUM: unix socket /var/www/weather/weather.sock removed.
*** Starting uWSGI 2.0.24 (64bit) on [Thu Apr  4 12:48:12 2024] ***
compiled with version: 11.4.0 on 04 April 2024 12:41:03
os: Linux-5.15.0-101-generic #111-Ubuntu SMP Tue Mar 5 20:16:58 UTC 2024
nodename: nodelow
machine: x86_64
clock source: unix
pcre jit enabled
detected number of CPU cores: 3
current working directory: /home/dinamitrii/python-check-weather
detected binary path: /home/dinamitrii/python-check-weather/.venv/bin/uwsgi
chdir() to /home/dinamitrii/python-check-weather/
your processes number limit is 22974
your memory page size is 4096 bytes
detected max file descriptor number: 1024
lock engine: pthread robust mutexes
thunder lock: enabled
uwsgi socket 0 bound to UNIX address /var/www/weather/weather.sock fd 3
Python version: 3.10.12 (main, Nov 20 2023, 15:14:05) [GCC 11.4.0]
Python main interpreter initialized at 0x55f1515a5370
python threads support enabled
your server socket listen backlog is limited to 100 connections
your mercy for graceful operations on workers is 60 seconds
mapped 583408 bytes (569 KB) for 12 cores
*** Operational MODE: preforking+threaded ***
WSGI app 0 (mountpoint='') ready in 1 seconds on interpreter 0x55f1515a5370 pid: 2100 (default app)
*** uWSGI is running in multiple interpreter mode ***
spawned uWSGI master process (pid: 2100)
spawned uWSGI worker 1 (pid: 2103, cores: 2)
spawned uWSGI worker 2 (pid: 2104, cores: 2)
spawned uWSGI worker 3 (pid: 2105, cores: 2)
spawned uWSGI worker 4 (pid: 2107, cores: 2)
spawned uWSGI worker 5 (pid: 2109, cores: 2)
spawned uWSGI worker 6 (pid: 2112, cores: 2)
SIGINT/SIGTERM received...killing workers...
[deadlock-detector] a process holding a robust mutex died. recovering...
[deadlock-detector] a process holding a robust mutex died. recovering...
worker 1 buried after 1 seconds
worker 2 buried after 1 seconds
worker 3 buried after 1 seconds
worker 4 buried after 1 seconds
worker 5 buried after 1 seconds
worker 6 buried after 1 seconds
goodbye to uWSGI.
VACUUM: unix socket /var/www/weather/weather.sock removed.
*** Starting uWSGI 2.0.24 (64bit) on [Thu Apr  4 12:50:08 2024] ***
compiled with version: 11.4.0 on 04 April 2024 12:41:03
os: Linux-5.15.0-101-generic #111-Ubuntu SMP Tue Mar 5 20:16:58 UTC 2024
nodename: nodelow
machine: x86_64
clock source: unix
pcre jit enabled
detected number of CPU cores: 3
current working directory: /home/dinamitrii/python-check-weather
detected binary path: /home/dinamitrii/python-check-weather/.venv/bin/uwsgi
chdir() to /home/dinamitrii/python-check-weather/
your processes number limit is 22974
your memory page size is 4096 bytes
detected max file descriptor number: 1024
lock engine: pthread robust mutexes
thunder lock: enabled
uwsgi socket 0 bound to UNIX address /var/www/weather/weather.sock fd 3
Python version: 3.10.12 (main, Nov 20 2023, 15:14:05) [GCC 11.4.0]
Python main interpreter initialized at 0x5654166e4370
python threads support enabled
your server socket listen backlog is limited to 100 connections
your mercy for graceful operations on workers is 60 seconds
mapped 583408 bytes (569 KB) for 12 cores
*** Operational MODE: preforking+threaded ***
WSGI app 0 (mountpoint='') ready in 0 seconds on interpreter 0x5654166e4370 pid: 2146 (default app)
*** uWSGI is running in multiple interpreter mode ***
spawned uWSGI master process (pid: 2146)
spawned uWSGI worker 1 (pid: 2148, cores: 2)
spawned uWSGI worker 2 (pid: 2149, cores: 2)
spawned uWSGI worker 3 (pid: 2150, cores: 2)
spawned uWSGI worker 4 (pid: 2152, cores: 2)
spawned uWSGI worker 5 (pid: 2154, cores: 2)
spawned uWSGI worker 6 (pid: 2156, cores: 2)
SIGINT/SIGTERM received...killing workers...
[deadlock-detector] a process holding a robust mutex died. recovering...
[deadlock-detector] a process holding a robust mutex died. recovering...
worker 1 buried after 1 seconds
worker 2 buried after 1 seconds
worker 3 buried after 1 seconds
worker 4 buried after 1 seconds
worker 5 buried after 1 seconds
worker 6 buried after 1 seconds
goodbye to uWSGI.
VACUUM: unix socket /var/www/weather/weather.sock removed.
*** Starting uWSGI 2.0.24 (64bit) on [Thu Apr  4 12:50:19 2024] ***
compiled with version: 11.4.0 on 04 April 2024 12:41:03
os: Linux-5.15.0-101-generic #111-Ubuntu SMP Tue Mar 5 20:16:58 UTC 2024
nodename: nodelow
machine: x86_64
clock source: unix
pcre jit enabled
detected number of CPU cores: 3
current working directory: /home/dinamitrii/python-check-weather
detected binary path: /home/dinamitrii/python-check-weather/.venv/bin/uwsgi
chdir() to /home/dinamitrii/python-check-weather/
your processes number limit is 22974
your memory page size is 4096 bytes
detected max file descriptor number: 1024
lock engine: pthread robust mutexes
thunder lock: enabled
uwsgi socket 0 bound to UNIX address /var/www/weather/weather.sock fd 3
Python version: 3.10.12 (main, Nov 20 2023, 15:14:05) [GCC 11.4.0]
Python main interpreter initialized at 0x5557f4c16370
python threads support enabled
your server socket listen backlog is limited to 100 connections
your mercy for graceful operations on workers is 60 seconds
mapped 583408 bytes (569 KB) for 12 cores
*** Operational MODE: preforking+threaded ***
WSGI app 0 (mountpoint='') ready in 1 seconds on interpreter 0x5557f4c16370 pid: 2193 (default app)
*** uWSGI is running in multiple interpreter mode ***
spawned uWSGI master process (pid: 2193)
spawned uWSGI worker 1 (pid: 2194, cores: 2)
spawned uWSGI worker 2 (pid: 2195, cores: 2)
spawned uWSGI worker 3 (pid: 2196, cores: 2)
spawned uWSGI worker 4 (pid: 2198, cores: 2)
spawned uWSGI worker 5 (pid: 2200, cores: 2)
spawned uWSGI worker 6 (pid: 2202, cores: 2)
SIGINT/SIGTERM received...killing workers...
worker 1 buried after 1 seconds
worker 2 buried after 1 seconds
worker 3 buried after 1 seconds
worker 4 buried after 1 seconds
worker 5 buried after 1 seconds
worker 6 buried after 1 seconds
goodbye to uWSGI.
VACUUM: unix socket /var/www/weather/weather.sock removed.
*** Starting uWSGI 2.0.24 (64bit) on [Thu Apr  4 12:51:58 2024] ***
compiled with version: 11.4.0 on 04 April 2024 12:41:03
os: Linux-5.15.0-101-generic #111-Ubuntu SMP Tue Mar 5 20:16:58 UTC 2024
nodename: nodelow
machine: x86_64
clock source: unix
pcre jit enabled
detected number of CPU cores: 3
current working directory: /home/dinamitrii/python-check-weather
detected binary path: /home/dinamitrii/python-check-weather/.venv/bin/uwsgi
chdir() to /home/dinamitrii/python-check-weather/
your processes number limit is 22974
your memory page size is 4096 bytes
detected max file descriptor number: 1024
lock engine: pthread robust mutexes
thunder lock: enabled
uwsgi socket 0 bound to UNIX address /var/www/weather/weather.sock fd 3
Python version: 3.10.12 (main, Nov 20 2023, 15:14:05) [GCC 11.4.0]
Python main interpreter initialized at 0x558ee57da370
python threads support enabled
your server socket listen backlog is limited to 100 connections
your mercy for graceful operations on workers is 60 seconds
mapped 583408 bytes (569 KB) for 12 cores
*** Operational MODE: preforking+threaded ***
WSGI app 0 (mountpoint='') ready in 4 seconds on interpreter 0x558ee57da370 pid: 719 (default app)
*** uWSGI is running in multiple interpreter mode ***
spawned uWSGI master process (pid: 719)
spawned uWSGI worker 1 (pid: 833, cores: 2)
spawned uWSGI worker 2 (pid: 835, cores: 2)
spawned uWSGI worker 3 (pid: 836, cores: 2)
spawned uWSGI worker 4 (pid: 838, cores: 2)
spawned uWSGI worker 5 (pid: 839, cores: 2)
spawned uWSGI worker 6 (pid: 841, cores: 2)
SIGINT/SIGTERM received...killing workers...
worker 1 buried after 1 seconds
worker 2 buried after 1 seconds
worker 3 buried after 1 seconds
worker 4 buried after 1 seconds
worker 5 buried after 1 seconds
worker 6 buried after 1 seconds
goodbye to uWSGI.
VACUUM: unix socket /var/www/weather/weather.sock removed.
*** Starting uWSGI 2.0.24 (64bit) on [Thu Apr  4 16:03:56 2024] ***
compiled with version: 11.4.0 on 04 April 2024 12:41:03
os: Linux-5.15.0-101-generic #111-Ubuntu SMP Tue Mar 5 20:16:58 UTC 2024
nodename: nodelow
machine: x86_64
clock source: unix
pcre jit enabled
detected number of CPU cores: 3
current working directory: /home/dinamitrii/python-check-weather
detected binary path: /home/dinamitrii/python-check-weather/.venv/bin/uwsgi
chdir() to /home/dinamitrii/python-check-weather/
your processes number limit is 22974
your memory page size is 4096 bytes
detected max file descriptor number: 1024
lock engine: pthread robust mutexes
thunder lock: enabled
uwsgi socket 0 bound to UNIX address /var/www/weather/weather.sock fd 3
Python version: 3.10.12 (main, Nov 20 2023, 15:14:05) [GCC 11.4.0]
Python main interpreter initialized at 0x561833bed8f0
python threads support enabled
your server socket listen backlog is limited to 100 connections
your mercy for graceful operations on workers is 60 seconds
mapped 583408 bytes (569 KB) for 12 cores
*** Operational MODE: preforking+threaded ***
WSGI app 0 (mountpoint='') ready in 4 seconds on interpreter 0x561833bed8f0 pid: 721 (default app)
*** uWSGI is running in multiple interpreter mode ***
spawned uWSGI master process (pid: 721)
spawned uWSGI worker 1 (pid: 823, cores: 2)
spawned uWSGI worker 2 (pid: 825, cores: 2)
spawned uWSGI worker 3 (pid: 826, cores: 2)
spawned uWSGI worker 4 (pid: 828, cores: 2)
spawned uWSGI worker 5 (pid: 830, cores: 2)
spawned uWSGI worker 6 (pid: 832, cores: 2)
SIGINT/SIGTERM received...killing workers...
worker 1 buried after 1 seconds
worker 2 buried after 1 seconds
worker 3 buried after 1 seconds
worker 4 buried after 1 seconds
worker 5 buried after 1 seconds
worker 6 buried after 1 seconds
goodbye to uWSGI.
VACUUM: unix socket /var/www/weather/weather.sock removed.
*** Starting uWSGI 2.0.24 (64bit) on [Thu Apr  4 16:07:33 2024] ***
compiled with version: 11.4.0 on 04 April 2024 12:41:03
os: Linux-5.15.0-101-generic #111-Ubuntu SMP Tue Mar 5 20:16:58 UTC 2024
nodename: nodelow
machine: x86_64
clock source: unix
pcre jit enabled
detected number of CPU cores: 3
current working directory: /home/dinamitrii/python-check-weather
detected binary path: /home/dinamitrii/python-check-weather/.venv/bin/uwsgi
chdir() to /home/dinamitrii/python-check-weather/
your processes number limit is 22974
your memory page size is 4096 bytes
detected max file descriptor number: 1024
lock engine: pthread robust mutexes
thunder lock: enabled
uwsgi socket 0 bound to UNIX address /var/www/weather/weather.sock fd 3
Python version: 3.10.12 (main, Nov 20 2023, 15:14:05) [GCC 11.4.0]
Python main interpreter initialized at 0x56432d81d8f0
python threads support enabled
your server socket listen backlog is limited to 100 connections
your mercy for graceful operations on workers is 60 seconds
mapped 583408 bytes (569 KB) for 12 cores
*** Operational MODE: preforking+threaded ***
WSGI app 0 (mountpoint='') ready in 0 seconds on interpreter 0x56432d81d8f0 pid: 1235 (default app)
*** uWSGI is running in multiple interpreter mode ***
spawned uWSGI master process (pid: 1235)
spawned uWSGI worker 1 (pid: 1236, cores: 2)
spawned uWSGI worker 2 (pid: 1237, cores: 2)
spawned uWSGI worker 3 (pid: 1238, cores: 2)
spawned uWSGI worker 4 (pid: 1240, cores: 2)
spawned uWSGI worker 5 (pid: 1242, cores: 2)
spawned uWSGI worker 6 (pid: 1244, cores: 2)
SIGINT/SIGTERM received...killing workers...
[deadlock-detector] a process holding a robust mutex died. recovering...
[deadlock-detector] a process holding a robust mutex died. recovering...
[deadlock-detector] a process holding a robust mutex died. recovering...
worker 1 buried after 1 seconds
worker 2 buried after 1 seconds
worker 3 buried after 1 seconds
worker 4 buried after 1 seconds
worker 5 buried after 1 seconds
worker 6 buried after 1 seconds
goodbye to uWSGI.
VACUUM: unix socket /var/www/weather/weather.sock removed.
*** Starting uWSGI 2.0.24 (64bit) on [Thu Apr  4 16:16:48 2024] ***
compiled with version: 11.4.0 on 04 April 2024 12:41:03
os: Linux-5.15.0-101-generic #111-Ubuntu SMP Tue Mar 5 20:16:58 UTC 2024
nodename: nodelow
machine: x86_64
clock source: unix
pcre jit enabled
detected number of CPU cores: 3
current working directory: /home/dinamitrii/python-check-weather
detected binary path: /home/dinamitrii/python-check-weather/.venv/bin/uwsgi
chdir() to /home/dinamitrii/python-check-weather/
your processes number limit is 22974
your memory page size is 4096 bytes
detected max file descriptor number: 1024
lock engine: pthread robust mutexes
thunder lock: enabled
uwsgi socket 0 bound to UNIX address /var/www/weather/weather.sock fd 3
Python version: 3.10.12 (main, Nov 20 2023, 15:14:05) [GCC 11.4.0]
Python main interpreter initialized at 0x560ad8cea8f0
python threads support enabled
your server socket listen backlog is limited to 100 connections
your mercy for graceful operations on workers is 60 seconds
mapped 583408 bytes (569 KB) for 12 cores
*** Operational MODE: preforking+threaded ***
WSGI app 0 (mountpoint='') ready in 0 seconds on interpreter 0x560ad8cea8f0 pid: 1331 (default app)
*** uWSGI is running in multiple interpreter mode ***
spawned uWSGI master process (pid: 1331)
spawned uWSGI worker 1 (pid: 1334, cores: 2)
spawned uWSGI worker 2 (pid: 1335, cores: 2)
spawned uWSGI worker 3 (pid: 1336, cores: 2)
spawned uWSGI worker 4 (pid: 1338, cores: 2)
spawned uWSGI worker 5 (pid: 1340, cores: 2)
spawned uWSGI worker 6 (pid: 1342, cores: 2)
SIGINT/SIGTERM received...killing workers...
[deadlock-detector] a process holding a robust mutex died. recovering...
worker 1 buried after 1 seconds
worker 2 buried after 1 seconds
worker 3 buried after 1 seconds
worker 4 buried after 1 seconds
worker 5 buried after 1 seconds
worker 6 buried after 1 seconds
goodbye to uWSGI.
VACUUM: unix socket /var/www/weather/weather.sock removed.
*** Starting uWSGI 2.0.24 (64bit) on [Thu Apr  4 16:19:02 2024] ***
compiled with version: 11.4.0 on 04 April 2024 12:41:03
os: Linux-5.15.0-101-generic #111-Ubuntu SMP Tue Mar 5 20:16:58 UTC 2024
nodename: nodelow
machine: x86_64
clock source: unix
pcre jit enabled
detected number of CPU cores: 3
current working directory: /home/dinamitrii/python-check-weather
detected binary path: /home/dinamitrii/python-check-weather/.venv/bin/uwsgi
chdir() to /home/dinamitrii/python-check-weather/
your processes number limit is 22974
your memory page size is 4096 bytes
detected max file descriptor number: 1024
lock engine: pthread robust mutexes
thunder lock: enabled
uwsgi socket 0 bound to UNIX address /var/www/weather/weather.sock fd 3
Python version: 3.10.12 (main, Nov 20 2023, 15:14:05) [GCC 11.4.0]
Python main interpreter initialized at 0x55d7abe598f0
python threads support enabled
your server socket listen backlog is limited to 100 connections
your mercy for graceful operations on workers is 60 seconds
mapped 583408 bytes (569 KB) for 12 cores
*** Operational MODE: preforking+threaded ***
WSGI app 0 (mountpoint='') ready in 4 seconds on interpreter 0x55d7abe598f0 pid: 721 (default app)
*** uWSGI is running in multiple interpreter mode ***
spawned uWSGI master process (pid: 721)
spawned uWSGI worker 1 (pid: 828, cores: 2)
spawned uWSGI worker 2 (pid: 829, cores: 2)
spawned uWSGI worker 3 (pid: 831, cores: 2)
spawned uWSGI worker 4 (pid: 833, cores: 2)
spawned uWSGI worker 5 (pid: 835, cores: 2)
spawned uWSGI worker 6 (pid: 836, cores: 2)
SIGINT/SIGTERM received...killing workers...
worker 1 buried after 1 seconds
worker 2 buried after 1 seconds
worker 3 buried after 1 seconds
worker 4 buried after 1 seconds
worker 5 buried after 1 seconds
worker 6 buried after 1 seconds
goodbye to uWSGI.
VACUUM: unix socket /var/www/weather/weather.sock removed.
*** Starting uWSGI 2.0.24 (64bit) on [Thu Apr  4 18:55:49 2024] ***
compiled with version: 11.4.0 on 04 April 2024 12:41:03
os: Linux-5.15.0-101-generic #111-Ubuntu SMP Tue Mar 5 20:16:58 UTC 2024
nodename: nodelow
machine: x86_64
clock source: unix
pcre jit enabled
detected number of CPU cores: 3
current working directory: /home/dinamitrii/python-check-weather
detected binary path: /home/dinamitrii/python-check-weather/.venv/bin/uwsgi
chdir() to /home/dinamitrii/python-check-weather/
your processes number limit is 22974
your memory page size is 4096 bytes
detected max file descriptor number: 1024
lock engine: pthread robust mutexes
thunder lock: enabled
uwsgi socket 0 bound to UNIX address /var/www/weather/weather.sock fd 3
Python version: 3.10.12 (main, Nov 20 2023, 15:14:05) [GCC 11.4.0]
Python main interpreter initialized at 0x5616c6e0c8f0
python threads support enabled
your server socket listen backlog is limited to 100 connections
your mercy for graceful operations on workers is 60 seconds
mapped 583408 bytes (569 KB) for 12 cores
*** Operational MODE: preforking+threaded ***
WSGI app 0 (mountpoint='') ready in 4 seconds on interpreter 0x5616c6e0c8f0 pid: 721 (default app)
*** uWSGI is running in multiple interpreter mode ***
spawned uWSGI master process (pid: 721)
spawned uWSGI worker 1 (pid: 825, cores: 2)
spawned uWSGI worker 2 (pid: 826, cores: 2)
spawned uWSGI worker 3 (pid: 827, cores: 2)
spawned uWSGI worker 4 (pid: 829, cores: 2)
spawned uWSGI worker 5 (pid: 830, cores: 2)
spawned uWSGI worker 6 (pid: 831, cores: 2)
{address space usage: 155578368 bytes/148MB} {rss usage: 27791360 bytes/26MB} [pid: 825|app: 0|req: 1/1] 192.168.1.100 () {42 vars in 768 bytes} [Thu Apr  4 18:55:57 2024] GET / => generated 574 bytes in 72 msecs (HTTP/1.1 200) 2 headers in 80 bytes (1 switches on core 0)
{address space usage: 156790784 bytes/149MB} {rss usage: 28311552 bytes/27MB} [pid: 829|app: 0|req: 1/2] 192.168.1.100 () {40 vars in 667 bytes} [Thu Apr  4 18:55:57 2024] GET /static/styles/style.css => generated 359 bytes in 89 msecs via sendfile() (HTTP/1.1 200) 7 headers in 278 bytes (0 switches on core 0)
{address space usage: 155578368 bytes/148MB} {rss usage: 27832320 bytes/26MB} [pid: 827|app: 0|req: 1/3] 46.10.204.54 () {44 vars in 798 bytes} [Thu Apr  4 18:56:12 2024] GET / => generated 574 bytes in 31 msecs (HTTP/1.1 200) 2 headers in 80 bytes (1 switches on core 0)
{address space usage: 156790784 bytes/149MB} {rss usage: 28311552 bytes/27MB} [pid: 829|app: 0|req: 2/4] 46.10.204.54 () {44 vars in 728 bytes} [Thu Apr  4 18:56:12 2024] GET /static/styles/style.css => generated 359 bytes in 2 msecs via sendfile() (HTTP/1.1 200) 7 headers in 278 bytes (0 switches on core 1)
{address space usage: 155578368 bytes/148MB} {rss usage: 27049984 bytes/25MB} [pid: 830|app: 0|req: 1/5] 46.10.204.54 () {40 vars in 688 bytes} [Thu Apr  4 18:56:13 2024] GET /favicon.ico => generated 207 bytes in 8 msecs (HTTP/1.1 404) 2 headers in 87 bytes (1 switches on core 0)
{address space usage: 156626944 bytes/149MB} {rss usage: 28860416 bytes/27MB} [pid: 830|app: 0|req: 2/6] 46.10.204.54 () {42 vars in 807 bytes} [Thu Apr  4 18:56:16 2024] GET /weather?city=Omaha => generated 1108 bytes in 236 msecs (HTTP/1.1 200) 2 headers in 81 bytes (1 switches on core 1)
{address space usage: 156790784 bytes/149MB} {rss usage: 28344320 bytes/27MB} [pid: 826|app: 0|req: 1/7] 46.10.204.54 () {44 vars in 795 bytes} [Thu Apr  4 18:56:16 2024] GET /static/styles/style.css => generated 0 bytes in 40 msecs (HTTP/1.1 304) 4 headers in 182 bytes (0 switches on core 0)
{address space usage: 156626944 bytes/149MB} {rss usage: 28663808 bytes/27MB} [pid: 825|app: 0|req: 2/8] 46.10.204.54 () {42 vars in 815 bytes} [Thu Apr  4 18:56:26 2024] GET /weather?city= => generated 1123 bytes in 129 msecs (HTTP/1.1 200) 2 headers in 81 bytes (1 switches on core 1)
{address space usage: 156790784 bytes/149MB} {rss usage: 28344320 bytes/27MB} [pid: 826|app: 0|req: 2/9] 46.10.204.54 () {44 vars in 790 bytes} [Thu Apr  4 18:56:26 2024] GET /static/styles/style.css => generated 0 bytes in 3 msecs (HTTP/1.1 304) 4 headers in 182 bytes (0 switches on core 1)
{address space usage: 155578368 bytes/148MB} {rss usage: 27832320 bytes/26MB} [pid: 831|app: 0|req: 1/10] 46.10.204.54 () {44 vars in 798 bytes} [Thu Apr  4 18:57:19 2024] GET / => generated 574 bytes in 31 msecs (HTTP/1.1 200) 2 headers in 80 bytes (1 switches on core 0)
{address space usage: 156626944 bytes/149MB} {rss usage: 28786688 bytes/27MB} [pid: 827|app: 0|req: 2/11] 46.10.204.54 () {48 vars in 839 bytes} [Thu Apr  4 18:57:19 2024] GET /static/styles/style.css => generated 0 bytes in 33 msecs (HTTP/1.1 304) 4 headers in 182 bytes (0 switches on core 1)
{address space usage: 156626944 bytes/149MB} {rss usage: 28672000 bytes/27MB} [pid: 831|app: 0|req: 2/12] 46.10.204.54 () {42 vars in 803 bytes} [Thu Apr  4 18:57:29 2024] GET /weather?city=nis => generated 1118 bytes in 156 msecs (HTTP/1.1 200) 2 headers in 81 bytes (1 switches on core 1)
{address space usage: 156774400 bytes/149MB} {rss usage: 29458432 bytes/28MB} [pid: 825|app: 0|req: 3/13] 46.10.204.54 () {44 vars in 793 bytes} [Thu Apr  4 18:57:29 2024] GET /static/styles/style.css => generated 0 bytes in 39 msecs (HTTP/1.1 304) 4 headers in 182 bytes (0 switches on core 0)
